<?xml version="1.0" encoding="UTF-8"?>
<!-- Generated by org.testng.reporters.JUnitReportReporter -->
<testsuite skipped="0" hostname="JAY-COMPUTER" name="com.week11.tests.CalculatorTest" tests="4" failures="0" timestamp="06 Feb 2019 14:10:06 GMT" time="63.932" errors="0">
  <testcase name="dataDrivenTests" time="15.994" classname="com.week11.tests.CalculatorTest"/>
  <testcase name="dataDrivenTests" time="16.559" classname="com.week11.tests.CalculatorTest"/>
  <testcase name="dataDrivenTests" time="15.593" classname="com.week11.tests.CalculatorTest"/>
  <testcase name="dataDrivenTests" time="15.786" classname="com.week11.tests.CalculatorTest"/>
</testsuite> <!-- com.week11.tests.CalculatorTest -->
