<?xml version="1.0" encoding="UTF-8"?>
<!-- Generated by org.testng.reporters.JUnitReportReporter -->
<testsuite skipped="0" hostname="JAY-COMPUTER" name="com.united.test.TestingDatePicker" tests="1" failures="0" timestamp="19 Jan 2019 17:55:00 GMT" time="39.721" errors="0">
  <testcase name="testing1" time="39.721" classname="com.united.test.TestingDatePicker"/>
</testsuite> <!-- com.united.test.TestingDatePicker -->
