<?xml version="1.0" encoding="UTF-8"?>
<!-- Generated by org.testng.reporters.JUnitReportReporter -->
<testsuite skipped="0" hostname="JAY-COMPUTER" name="com.greatcourse.test.TestingScreenShot" tests="1" failures="0" timestamp="18 Jan 2019 19:28:17 GMT" time="14.417" errors="0">
  <testcase name="testingScreenShotCapture" time="14.417" classname="com.greatcourse.test.TestingScreenShot"/>
</testsuite> <!-- com.greatcourse.test.TestingScreenShot -->
