<?xml version="1.0" encoding="UTF-8"?>
<!-- Generated by org.testng.reporters.JUnitReportReporter -->
<testsuite skipped="1" hostname="JAY-COMPUTER" name="com.week9.test.BrokenLikns_TestPractice" tests="2" failures="0" timestamp="23 Feb 2019 00:38:11 GMT" time="49.585" errors="0">
  <testcase name="testinglinksingoogle" time="49.585" classname="com.week9.test.BrokenLikns_TestPractice"/>
  <testcase name="testingScrollToElement" classname="com.week9.test.BrokenLikns_TestPractice">
    <skipped/>
  </testcase> <!-- testingScrollToElement -->
</testsuite> <!-- com.week9.test.BrokenLikns_TestPractice -->
