<?xml version="1.0" encoding="UTF-8"?>
<!-- Generated by org.testng.reporters.JUnitReportReporter -->
<testsuite skipped="0" hostname="JAY-COMPUTER" name="com.greatcourse.test.BuyACourseTests" tests="1" failures="0" timestamp="25 Jan 2019 18:21:10 GMT" time="41.444" errors="0">
  <testcase name="buy_Nightsky_course" time="41.444" classname="com.greatcourse.test.BuyACourseTests"/>
</testsuite> <!-- com.greatcourse.test.BuyACourseTests -->
