<?xml version="1.0" encoding="UTF-8"?>
<!-- Generated by org.testng.reporters.JUnitReportReporter -->
<testsuite skipped="0" hostname="JAY-COMPUTER" name="com.united.test.SearchingTicketTests" tests="1" failures="0" timestamp="04 Jan 2019 02:24:57 GMT" time="26.471" errors="0">
  <testcase name="searchvacationTicket" time="26.471" classname="com.united.test.SearchingTicketTests"/>
</testsuite> <!-- com.united.test.SearchingTicketTests -->
