<?xml version="1.0" encoding="UTF-8"?>
<!-- Generated by org.testng.reporters.JUnitReportReporter -->
<testsuite skipped="0" hostname="JAY-COMPUTER" name="com.week10.tests.AlertTests" tests="1" failures="0" timestamp="27 Jan 2019 17:29:43 GMT" time="12.734" errors="0">
  <testcase name="tesing_popup_alert" time="12.734" classname="com.week10.tests.AlertTests"/>
</testsuite> <!-- com.week10.tests.AlertTests -->
