<?xml version="1.0" encoding="UTF-8"?>
<!-- Generated by org.testng.reporters.JUnitReportReporter -->
<testsuite skipped="1" hostname="JAY-COMPUTER" name="com.week10.tests.WindowHandleTest" tests="2" failures="0" timestamp="27 Jan 2019 17:47:48 GMT" time="31.043" errors="0">
  <testcase name="testing_morethantwo_browsers" time="31.043" classname="com.week10.tests.WindowHandleTest"/>
  <testcase name="testing_two_browsers" classname="com.week10.tests.WindowHandleTest">
    <skipped/>
  </testcase> <!-- testing_two_browsers -->
</testsuite> <!-- com.week10.tests.WindowHandleTest -->
