<?xml version="1.0" encoding="UTF-8"?>
<!-- Generated by org.testng.reporters.JUnitReportReporter -->
<testsuite skipped="1" hostname="JAY-COMPUTER" name="com.week9.test.TestPractice" tests="2" failures="0" timestamp="15 Feb 2019 00:34:34 GMT" time="25.087" errors="0">
  <testcase name="testinglinksingoogle" time="25.087" classname="com.week9.test.TestPractice"/>
  <testcase name="testingScrollToElement" classname="com.week9.test.TestPractice">
    <skipped/>
  </testcase> <!-- testingScrollToElement -->
</testsuite> <!-- com.week9.test.TestPractice -->
